<?xml version="1.0" encoding="UTF-8"?>
<coverage generated="1773565507247" clover="3.2.0">
  <project timestamp="1773565507247" name="All files">
    <metrics statements="183" coveredstatements="151" conditionals="146" coveredconditionals="105" methods="56" coveredmethods="46" elements="385" coveredelements="302" complexity="0" loc="183" ncloc="183" packages="8" files="16" classes="16"/>
    <package name="components.common">
      <metrics statements="21" coveredstatements="21" conditionals="33" coveredconditionals="32" methods="8" coveredmethods="8"/>
      <file name="button.tsx" path="/Users/kamleshchandel/Desktop/phase_1/swiggy-admin/swiggy-admin-app/src/components/common/button.tsx">
        <metrics statements="2" coveredstatements="2" conditionals="8" coveredconditionals="8" methods="1" coveredmethods="1"/>
        <line num="18" count="3" type="stmt"/>
        <line num="29" count="257" type="stmt"/>
      </file>
      <file name="data-grid.tsx" path="/Users/kamleshchandel/Desktop/phase_1/swiggy-admin/swiggy-admin-app/src/components/common/data-grid.tsx">
        <metrics statements="2" coveredstatements="2" conditionals="2" coveredconditionals="2" methods="2" coveredmethods="2"/>
        <line num="12" count="43" type="stmt"/>
        <line num="27" count="2" type="stmt"/>
      </file>
      <file name="dialog.tsx" path="/Users/kamleshchandel/Desktop/phase_1/swiggy-admin/swiggy-admin-app/src/components/common/dialog.tsx">
        <metrics statements="2" coveredstatements="2" conditionals="9" coveredconditionals="9" methods="1" coveredmethods="1"/>
        <line num="24" count="2" type="stmt"/>
        <line num="36" count="88" type="stmt"/>
      </file>
      <file name="drawer.tsx" path="/Users/kamleshchandel/Desktop/phase_1/swiggy-admin/swiggy-admin-app/src/components/common/drawer.tsx">
        <metrics statements="3" coveredstatements="3" conditionals="0" coveredconditionals="0" methods="1" coveredmethods="1"/>
        <line num="10" count="2" type="stmt"/>
        <line num="12" count="2" type="stmt"/>
        <line num="13" count="4" type="stmt"/>
      </file>
      <file name="failed-state.tsx" path="/Users/kamleshchandel/Desktop/phase_1/swiggy-admin/swiggy-admin-app/src/components/common/failed-state.tsx">
        <metrics statements="4" coveredstatements="4" conditionals="3" coveredconditionals="2" methods="1" coveredmethods="1"/>
        <line num="9" count="2" type="stmt"/>
        <line num="22" count="2" type="cond" truecount="1" falsecount="0"/>
        <line num="23" count="2" type="cond" truecount="1" falsecount="1"/>
        <line num="25" count="2" type="stmt"/>
      </file>
      <file name="input.tsx" path="/Users/kamleshchandel/Desktop/phase_1/swiggy-admin/swiggy-admin-app/src/components/common/input.tsx">
        <metrics statements="3" coveredstatements="3" conditionals="7" coveredconditionals="7" methods="1" coveredmethods="1"/>
        <line num="18" count="3" type="stmt"/>
        <line num="31" count="437" type="stmt"/>
        <line num="33" count="437" type="stmt"/>
      </file>
      <file name="loader.tsx" path="/Users/kamleshchandel/Desktop/phase_1/swiggy-admin/swiggy-admin-app/src/components/common/loader.tsx">
        <metrics statements="5" coveredstatements="5" conditionals="4" coveredconditionals="4" methods="1" coveredmethods="1"/>
        <line num="8" count="4" type="stmt"/>
        <line num="18" count="4" type="cond" truecount="2" falsecount="0"/>
        <line num="19" count="6" type="cond" truecount="2" falsecount="0"/>
        <line num="20" count="1" type="stmt"/>
        <line num="26" count="5" type="stmt"/>
      </file>
    </package>
    <package name="components.common.form">
      <metrics statements="60" coveredstatements="45" conditionals="65" coveredconditionals="41" methods="17" coveredmethods="15"/>
      <file name="form.utils.ts" path="/Users/kamleshchandel/Desktop/phase_1/swiggy-admin/swiggy-admin-app/src/components/common/form/form.utils.ts">
        <metrics statements="12" coveredstatements="10" conditionals="22" coveredconditionals="19" methods="1" coveredmethods="1"/>
        <line num="4" count="2" type="stmt"/>
        <line num="8" count="118" type="cond" truecount="3" falsecount="1"/>
        <line num="9" count="0" type="stmt"/>
        <line num="12" count="118" type="cond" truecount="5" falsecount="0"/>
        <line num="13" count="40" type="stmt"/>
        <line num="16" count="78" type="cond" truecount="4" falsecount="0"/>
        <line num="17" count="27" type="stmt"/>
        <line num="20" count="51" type="cond" truecount="5" falsecount="0"/>
        <line num="21" count="2" type="stmt"/>
        <line num="24" count="49" type="cond" truecount="2" falsecount="2"/>
        <line num="25" count="0" type="stmt"/>
        <line num="28" count="49" type="stmt"/>
      </file>
      <file name="index.tsx" path="/Users/kamleshchandel/Desktop/phase_1/swiggy-admin/swiggy-admin-app/src/components/common/form/index.tsx">
        <metrics statements="48" coveredstatements="35" conditionals="43" coveredconditionals="22" methods="16" coveredmethods="14"/>
        <line num="28" count="2" type="stmt"/>
        <line num="56" count="2" type="stmt"/>
        <line num="63" count="143" type="cond" truecount="2" falsecount="0"/>
        <line num="64" count="143" type="stmt"/>
        <line num="66" count="143" type="stmt"/>
        <line num="67" count="118" type="stmt"/>
        <line num="71" count="118" type="stmt"/>
        <line num="74" count="143" type="stmt"/>
        <line num="75" count="220" type="stmt"/>
        <line num="76" count="118" type="cond" truecount="1" falsecount="1"/>
        <line num="78" count="118" type="stmt"/>
        <line num="80" count="118" type="stmt"/>
        <line num="85" count="118" type="stmt"/>
        <line num="88" count="143" type="stmt"/>
        <line num="89" count="142" type="stmt"/>
        <line num="90" count="254" type="cond" truecount="1" falsecount="1"/>
        <line num="92" count="254" type="stmt"/>
        <line num="94" count="254" type="cond" truecount="1" falsecount="1"/>
        <line num="95" count="0" type="stmt"/>
        <line num="98" count="254" type="cond" truecount="2" falsecount="0"/>
        <line num="100" count="174" type="stmt"/>
        <line num="102" count="142" type="cond" truecount="2" falsecount="0"/>
        <line num="105" count="143" type="stmt"/>
        <line num="106" count="2" type="stmt"/>
        <line num="107" count="2" type="stmt"/>
        <line num="110" count="143" type="stmt"/>
        <line num="111" count="430" type="cond" truecount="1" falsecount="1"/>
        <line num="112" count="430" type="cond" truecount="2" falsecount="0"/>
        <line num="115" count="143" type="stmt"/>
        <line num="116" count="0" type="cond" truecount="0" falsecount="2"/>
        <line num="119" count="0" type="cond" truecount="0" falsecount="2"/>
        <line num="120" count="0" type="stmt"/>
        <line num="124" count="0" type="cond" truecount="0" falsecount="5"/>
        <line num="125" count="0" type="stmt"/>
        <line num="126" count="0" type="stmt"/>
        <line num="127" count="0" type="stmt"/>
        <line num="130" count="0" type="stmt"/>
        <line num="133" count="143" type="stmt"/>
        <line num="134" count="0" type="stmt"/>
        <line num="135" count="0" type="cond" truecount="0" falsecount="2"/>
        <line num="136" count="0" type="stmt"/>
        <line num="148" count="143" type="stmt"/>
        <line num="149" count="143" type="stmt"/>
        <line num="150" count="430" type="stmt"/>
        <line num="160" count="118" type="cond" truecount="1" falsecount="1"/>
        <line num="161" count="0" type="cond" truecount="0" falsecount="2"/>
        <line num="163" count="118" type="cond" truecount="1" falsecount="1"/>
        <line num="175" count="143" type="stmt"/>
      </file>
    </package>
    <package name="components.common.menu">
      <metrics statements="6" coveredstatements="5" conditionals="4" coveredconditionals="2" methods="2" coveredmethods="2"/>
      <file name="action-menu.tsx" path="/Users/kamleshchandel/Desktop/phase_1/swiggy-admin/swiggy-admin-app/src/components/common/menu/action-menu.tsx">
        <metrics statements="6" coveredstatements="5" conditionals="4" coveredconditionals="2" methods="2" coveredmethods="2"/>
        <line num="18" count="1" type="stmt"/>
        <line num="19" count="40" type="stmt"/>
        <line num="23" count="160" type="stmt"/>
        <line num="33" count="160" type="cond" truecount="2" falsecount="2"/>
        <line num="34" count="0" type="stmt"/>
        <line num="41" count="160" type="stmt"/>
      </file>
    </package>
    <package name="modules.restaurants">
      <metrics statements="74" coveredstatements="60" conditionals="28" coveredconditionals="16" methods="23" coveredmethods="16"/>
      <file name="index.tsx" path="/Users/kamleshchandel/Desktop/phase_1/swiggy-admin/swiggy-admin-app/src/modules/restaurants/index.tsx">
        <metrics statements="74" coveredstatements="60" conditionals="28" coveredconditionals="16" methods="23" coveredmethods="16"/>
        <line num="28" count="1" type="stmt"/>
        <line num="45" count="1" type="stmt"/>
        <line num="55" count="40" type="stmt"/>
        <line num="56" count="40" type="stmt"/>
        <line num="58" count="40" type="stmt"/>
        <line num="59" count="40" type="stmt"/>
        <line num="60" count="40" type="stmt"/>
        <line num="61" count="40" type="stmt"/>
        <line num="62" count="40" type="stmt"/>
        <line num="63" count="40" type="stmt"/>
        <line num="66" count="40" type="stmt"/>
        <line num="67" count="40" type="stmt"/>
        <line num="69" count="40" type="stmt"/>
        <line num="70" count="40" type="stmt"/>
        <line num="72" count="40" type="stmt"/>
        <line num="73" count="3" type="stmt"/>
        <line num="76" count="40" type="stmt"/>
        <line num="81" count="0" type="stmt"/>
        <line num="88" count="0" type="stmt"/>
        <line num="93" count="120" type="stmt"/>
        <line num="96" count="1080" type="cond" truecount="4" falsecount="0"/>
        <line num="102" count="40" type="stmt"/>
        <line num="127" count="63" type="stmt"/>
        <line num="131" count="1" type="stmt"/>
        <line num="132" count="1" type="stmt"/>
        <line num="143" count="69" type="stmt"/>
        <line num="145" count="4" type="stmt"/>
        <line num="146" count="4" type="stmt"/>
        <line num="155" count="40" type="stmt"/>
        <line num="156" count="13" type="stmt"/>
        <line num="157" count="13" type="stmt"/>
        <line num="158" count="13" type="stmt"/>
        <line num="161" count="40" type="stmt"/>
        <line num="162" count="1" type="stmt"/>
        <line num="163" count="1" type="cond" truecount="1" falsecount="1"/>
        <line num="164" count="1" type="stmt"/>
        <line num="165" count="1" type="stmt"/>
        <line num="169" count="40" type="stmt"/>
        <line num="170" count="0" type="stmt"/>
        <line num="171" count="0" type="cond" truecount="0" falsecount="2"/>
        <line num="173" count="0" type="stmt"/>
        <line num="176" count="40" type="stmt"/>
        <line num="177" count="1" type="stmt"/>
        <line num="178" count="1" type="stmt"/>
        <line num="179" count="1" type="stmt"/>
        <line num="182" count="40" type="stmt"/>
        <line num="183" count="1" type="stmt"/>
        <line num="184" count="1" type="stmt"/>
        <line num="187" count="40" type="stmt"/>
        <line num="188" count="1" type="cond" truecount="1" falsecount="1"/>
        <line num="190" count="1" type="stmt"/>
        <line num="192" count="1" type="cond" truecount="1" falsecount="1"/>
        <line num="193" count="1" type="stmt"/>
        <line num="194" count="1" type="stmt"/>
        <line num="196" count="0" type="stmt"/>
        <line num="200" count="40" type="stmt"/>
        <line num="201" count="40" type="cond" truecount="4" falsecount="0"/>
        <line num="211" count="40" type="stmt"/>
        <line num="212" count="1" type="cond" truecount="1" falsecount="1"/>
        <line num="213" count="1" type="stmt"/>
        <line num="215" count="1" type="cond" truecount="1" falsecount="1"/>
        <line num="216" count="1" type="stmt"/>
        <line num="217" count="1" type="stmt"/>
        <line num="219" count="0" type="stmt"/>
        <line num="223" count="1" type="cond" truecount="2" falsecount="2"/>
        <line num="224" count="0" type="stmt"/>
        <line num="226" count="0" type="cond" truecount="0" falsecount="2"/>
        <line num="227" count="0" type="stmt"/>
        <line num="228" count="0" type="stmt"/>
        <line num="230" count="0" type="stmt"/>
        <line num="235" count="40" type="stmt"/>
        <line num="285" count="0" type="stmt"/>
        <line num="292" count="0" type="stmt"/>
        <line num="297" count="1" type="stmt"/>
      </file>
    </package>
    <package name="modules.restaurants.components">
      <metrics statements="10" coveredstatements="8" conditionals="8" coveredconditionals="7" methods="4" coveredmethods="3"/>
      <file name="restaurant-drawer.tsx" path="/Users/kamleshchandel/Desktop/phase_1/swiggy-admin/swiggy-admin-app/src/modules/restaurants/components/restaurant-drawer.tsx">
        <metrics statements="10" coveredstatements="8" conditionals="8" coveredconditionals="7" methods="4" coveredmethods="3"/>
        <line num="13" count="2" type="stmt"/>
        <line num="14" count="4" type="stmt"/>
        <line num="42" count="2" type="stmt"/>
        <line num="43" count="44" type="cond" truecount="2" falsecount="0"/>
        <line num="45" count="4" type="stmt"/>
        <line num="46" count="4" type="cond" truecount="1" falsecount="1"/>
        <line num="47" count="4" type="stmt"/>
        <line num="56" count="0" type="stmt"/>
        <line num="57" count="0" type="stmt"/>
        <line num="68" count="4" type="stmt"/>
      </file>
    </package>
    <package name="modules.restaurants.components.form-dialog">
      <metrics statements="10" coveredstatements="10" conditionals="8" coveredconditionals="7" methods="2" coveredmethods="2"/>
      <file name="constant.ts" path="/Users/kamleshchandel/Desktop/phase_1/swiggy-admin/swiggy-admin-app/src/modules/restaurants/components/form-dialog/constant.ts">
        <metrics statements="1" coveredstatements="1" conditionals="0" coveredconditionals="0" methods="0" coveredmethods="0"/>
        <line num="4" count="1" type="stmt"/>
      </file>
      <file name="index.tsx" path="/Users/kamleshchandel/Desktop/phase_1/swiggy-admin/swiggy-admin-app/src/modules/restaurants/components/form-dialog/index.tsx">
        <metrics statements="9" coveredstatements="9" conditionals="8" coveredconditionals="7" methods="2" coveredmethods="2"/>
        <line num="10" count="1" type="stmt"/>
        <line num="18" count="40" type="stmt"/>
        <line num="19" count="1" type="cond" truecount="1" falsecount="1"/>
        <line num="21" count="1" type="stmt"/>
        <line num="26" count="1" type="stmt"/>
        <line num="29" count="40" type="stmt"/>
        <line num="30" count="40" type="cond" truecount="2" falsecount="0"/>
        <line num="31" count="40" type="cond" truecount="2" falsecount="0"/>
        <line num="33" count="40" type="stmt"/>
      </file>
    </package>
    <package name="theme">
      <metrics statements="1" coveredstatements="1" conditionals="0" coveredconditionals="0" methods="0" coveredmethods="0"/>
      <file name="colors.ts" path="/Users/kamleshchandel/Desktop/phase_1/swiggy-admin/swiggy-admin-app/src/theme/colors.ts">
        <metrics statements="1" coveredstatements="1" conditionals="0" coveredconditionals="0" methods="0" coveredmethods="0"/>
        <line num="1" count="3" type="stmt"/>
      </file>
    </package>
    <package name="utils">
      <metrics statements="1" coveredstatements="1" conditionals="0" coveredconditionals="0" methods="0" coveredmethods="0"/>
      <file name="regex.ts" path="/Users/kamleshchandel/Desktop/phase_1/swiggy-admin/swiggy-admin-app/src/utils/regex.ts">
        <metrics statements="1" coveredstatements="1" conditionals="0" coveredconditionals="0" methods="0" coveredmethods="0"/>
        <line num="1" count="2" type="stmt"/>
      </file>
    </package>
  </project>
</coverage>
